Drill report for rLab_Door.kicad_pcb
Created on Mon Jun 27 17:47:04 2022

Copper Layer Stackup:
    =============================================================
    L1 :  F.Cu                      front
    L2 :  In1.Cu                    in1
    L3 :  In2.Cu                    in2
    L4 :  B.Cu                      back


Drill file 'rLab_Door.drl' contains
    plated through holes:
    =============================================================
    T1  0.400mm  0.0157"  (37 holes)
    T2  0.500mm  0.0197"  (32 holes)
    T3  0.762mm  0.0300"  (8 holes)
    T4  1.000mm  0.0394"  (22 holes)
    T5  1.100mm  0.0433"  (30 holes)
    T6  1.200mm  0.0472"  (3 holes)
    T7  1.300mm  0.0512"  (8 holes)
    T8  1.500mm  0.0591"  (5 holes)
    T9  3.200mm  0.1260"  (4 holes)

    Total plated holes count 149


Not plated through holes are merged with plated holes
    unplated through holes:
    =============================================================
    T10  1.100mm  0.0433"  (18 holes)
    T11  2.700mm  0.1063"  (4 holes)

    Total unplated holes count 22
